Words/app/build/intermediates/manifest_merge_blame_file/debug/manifest-merger-blame-debug-report.txt
1<?xml version="1.0" encoding="utf-8"?>
2<!--
3     Copyright (C) 2020 The Android Open Source Project
4
5     Licensed under the Apache License, Version 2.0 (the "License");
6     you may not use this file except in compliance with the License.
7     You may obtain a copy of the License at
8
9          http://www.apache.org/licenses/LICENSE-2.0
10
11     Unless required by applicable law or agreed to in writing, software
12     distributed under the License is distributed on an "AS IS" BASIS,
13     WITHOUT WARRANTIES OR CONDITIONS OF ANY KIND, either express or implied.
14     See the License for the specific language governing permissions and
15     limitations under the License.
16-->
17<manifest xmlns:android="http://schemas.android.com/apk/res/android"
18    package="com.example.wordsapp"
19    android:versionCode="1"
20    android:versionName="1.0" >
21
22    <uses-sdk
23        android:minSdkVersion="19"
24        android:targetSdkVersion="33" />
25
26    <uses-permission android:name="android.permission.REORDER_TASKS" />
26-->[androidx.fragment:fragment-testing:1.5.3] AndroidManifest.xml:25:5-72
26-->[androidx.fragment:fragment-testing:1.5.3] AndroidManifest.xml:25:22-69
27
28    <permission
28-->[androidx.core:core:1.9.0] AndroidManifest.xml:22:5-24:47
29        android:name="com.example.wordsapp.DYNAMIC_RECEIVER_NOT_EXPORTED_PERMISSION"
29-->[androidx.core:core:1.9.0] AndroidManifest.xml:23:9-81
30        android:protectionLevel="signature" />
30-->[androidx.core:core:1.9.0] AndroidManifest.xml:24:9-44
31
32    <uses-permission android:name="com.example.wordsapp.DYNAMIC_RECEIVER_NOT_EXPORTED_PERMISSION" />
32-->[androidx.core:core:1.9.0] AndroidManifest.xml:26:5-97
32-->[androidx.core:core:1.9.0] AndroidManifest.xml:26:22-94
33
34    <application
34-->src/main/AndroidManifest.xml:19:5-34:19
35        android:allowBackup="true"
35-->src/main/AndroidManifest.xml:20:9-35
36        android:appComponentFactory="androidx.core.app.CoreComponentFactory"
36-->[androidx.core:core:1.9.0] AndroidManifest.xml:28:18-86
37        android:debuggable="true"
38        android:extractNativeLibs="true"
39        android:icon="@mipmap/ic_launcher"
39-->src/main/AndroidManifest.xml:21:9-43
40        android:label="@string/app_name"
40-->src/main/AndroidManifest.xml:22:9-41
41        android:roundIcon="@mipmap/ic_launcher_round"
41-->src/main/AndroidManifest.xml:23:9-54
42        android:supportsRtl="true"
42-->src/main/AndroidManifest.xml:24:9-35
43        android:testOnly="true"
44        android:theme="@style/Theme.Words" >
44-->src/main/AndroidManifest.xml:25:9-43
45        <activity
45-->src/main/AndroidManifest.xml:26:9-33:20
46            android:name="com.example.wordsapp.MainActivity"
46-->src/main/AndroidManifest.xml:26:19-47
47            android:exported="true" >
47-->src/main/AndroidManifest.xml:27:13-36
48            <intent-filter>
48-->src/main/AndroidManifest.xml:28:13-32:29
49                <action android:name="android.intent.action.MAIN" />
49-->src/main/AndroidManifest.xml:29:17-69
49-->src/main/AndroidManifest.xml:29:25-66
50
51                <category android:name="android.intent.category.LAUNCHER" />
51-->src/main/AndroidManifest.xml:31:17-77
51-->src/main/AndroidManifest.xml:31:27-74
52            </intent-filter>
53        </activity>
54        <activity
54-->[androidx.fragment:fragment-testing:1.5.3] AndroidManifest.xml:28:9-37:20
55            android:name="androidx.fragment.app.testing.FragmentScenario$EmptyFragmentActivity"
55-->[androidx.fragment:fragment-testing:1.5.3] AndroidManifest.xml:29:13-96
56            android:exported="true"
56-->[androidx.fragment:fragment-testing:1.5.3] AndroidManifest.xml:30:13-36
57            android:multiprocess="true"
57-->[androidx.fragment:fragment-testing:1.5.3] AndroidManifest.xml:31:13-40
58            android:taskAffinity=""
58-->[androidx.fragment:fragment-testing:1.5.3] AndroidManifest.xml:32:13-36
59            android:theme="@style/FragmentScenarioEmptyFragmentActivityTheme" >
59-->[androidx.fragment:fragment-testing:1.5.3] AndroidManifest.xml:33:13-78
60            <intent-filter>
60-->[androidx.fragment:fragment-testing:1.5.3] AndroidManifest.xml:34:13-36:29
61                <action android:name="android.intent.action.MAIN" />
61-->src/main/AndroidManifest.xml:29:17-69
61-->src/main/AndroidManifest.xml:29:25-66
62            </intent-filter>
63        </activity>
64
65        <uses-library
65-->[androidx.window:window:1.0.0] AndroidManifest.xml:25:9-27:40
66            android:name="androidx.window.extensions"
66-->[androidx.window:window:1.0.0] AndroidManifest.xml:26:13-54
67            android:required="false" />
67-->[androidx.window:window:1.0.0] AndroidManifest.xml:27:13-37
68        <uses-library
68-->[androidx.window:window:1.0.0] AndroidManifest.xml:28:9-30:40
69            android:name="androidx.window.sidecar"
69-->[androidx.window:window:1.0.0] AndroidManifest.xml:29:13-51
70            android:required="false" />
70-->[androidx.window:window:1.0.0] AndroidManifest.xml:30:13-37
71
72        <provider
72-->[androidx.emoji2:emoji2:1.2.0] AndroidManifest.xml:24:9-32:20
73            android:name="androidx.startup.InitializationProvider"
73-->[androidx.emoji2:emoji2:1.2.0] AndroidManifest.xml:25:13-67
74            android:authorities="com.example.wordsapp.androidx-startup"
74-->[androidx.emoji2:emoji2:1.2.0] AndroidManifest.xml:26:13-68
75            android:exported="false" >
75-->[androidx.emoji2:emoji2:1.2.0] AndroidManifest.xml:27:13-37
76            <meta-data
76-->[androidx.emoji2:emoji2:1.2.0] AndroidManifest.xml:29:13-31:52
77                android:name="androidx.emoji2.text.EmojiCompatInitializer"
77-->[androidx.emoji2:emoji2:1.2.0] AndroidManifest.xml:30:17-75
78                android:value="androidx.startup" />
78-->[androidx.emoji2:emoji2:1.2.0] AndroidManifest.xml:31:17-49
79            <meta-data
79-->[androidx.lifecycle:lifecycle-process:2.4.1] AndroidManifest.xml:31:13-33:52
80                android:name="androidx.lifecycle.ProcessLifecycleInitializer"
80-->[androidx.lifecycle:lifecycle-process:2.4.1] AndroidManifest.xml:32:17-78
81                android:value="androidx.startup" />
81-->[androidx.lifecycle:lifecycle-process:2.4.1] AndroidManifest.xml:33:17-49
82        </provider>
83
84        <activity
84-->[androidx.test:core:1.4.0] AndroidManifest.xml:27:9-34:20
85            android:name="androidx.test.core.app.InstrumentationActivityInvoker$BootstrapActivity"
85-->[androidx.test:core:1.4.0] AndroidManifest.xml:28:13-99
86            android:exported="true"
86-->[androidx.test:core:1.4.0] AndroidManifest.xml:29:13-36
87            android:theme="@android:style/Theme" >
87-->[androidx.test:core:1.4.0] AndroidManifest.xml:30:13-49
88            <intent-filter>
88-->[androidx.fragment:fragment-testing:1.5.3] AndroidManifest.xml:34:13-36:29
89                <action android:name="android.intent.action.MAIN" />
89-->src/main/AndroidManifest.xml:29:17-69
89-->src/main/AndroidManifest.xml:29:25-66
90            </intent-filter>
91        </activity>
92        <activity
92-->[androidx.test:core:1.4.0] AndroidManifest.xml:35:9-42:20
93            android:name="androidx.test.core.app.InstrumentationActivityInvoker$EmptyActivity"
93-->[androidx.test:core:1.4.0] AndroidManifest.xml:36:13-95
94            android:exported="true"
94-->[androidx.test:core:1.4.0] AndroidManifest.xml:37:13-36
95            android:theme="@android:style/Theme" >
95-->[androidx.test:core:1.4.0] AndroidManifest.xml:38:13-49
96            <intent-filter>
96-->[androidx.fragment:fragment-testing:1.5.3] AndroidManifest.xml:34:13-36:29
97                <action android:name="android.intent.action.MAIN" />
97-->src/main/AndroidManifest.xml:29:17-69
97-->src/main/AndroidManifest.xml:29:25-66
98            </intent-filter>
99        </activity>
100        <activity
100-->[androidx.test:core:1.4.0] AndroidManifest.xml:43:9-50:20
101            android:name="androidx.test.core.app.InstrumentationActivityInvoker$EmptyFloatingActivity"
101-->[androidx.test:core:1.4.0] AndroidManifest.xml:44:13-103
102            android:exported="true"
102-->[androidx.test:core:1.4.0] AndroidManifest.xml:45:13-36
103            android:theme="@android:style/Theme.Dialog" >
103-->[androidx.test:core:1.4.0] AndroidManifest.xml:46:13-56
104            <intent-filter>
104-->[androidx.fragment:fragment-testing:1.5.3] AndroidManifest.xml:34:13-36:29
105                <action android:name="android.intent.action.MAIN" />
105-->src/main/AndroidManifest.xml:29:17-69
105-->src/main/AndroidManifest.xml:29:25-66
106            </intent-filter>
107        </activity>
108    </application>
109
110</manifest>